# JRE version: OpenJDK Runtime Environment (23.0.1+11) (build 23.0.1+11-39)
# Java VM: OpenJDK 64-Bit Server VM (23.0.1+11-39, mixed mode, sharing, tiered, compressed oops, compressed class ptrs, g1 gc, linux-amd64)
Heap:
 garbage-first heap   total reserved 4067328K, committed 258048K, used 69924K [0x0000000707c00000, 0x0000000800000000)
  region size 2048K, 22 young (45056K), 3 survivors (6144K)
 Metaspace       used 15764K, committed 16128K, reserved 1114112K
  class space    used 1699K, committed 1856K, reserved 1048576K
GC Heap History (8 events):
Event: 0,444 GC heap before
{Heap before GC invocations=0 (full 0):
 garbage-first heap   total reserved 4067328K, committed 258048K, used 13433K [0x0000000707c00000, 0x0000000800000000)
  region size 2048K, 7 young (14336K), 0 survivors (0K)
 Metaspace       used 9542K, committed 9856K, reserved 1114112K
  class space    used 1062K, committed 1216K, reserved 1048576K
}
Event: 0,450 GC heap after
{Heap after GC invocations=1 (full 0):
 garbage-first heap   total reserved 4067328K, committed 258048K, used 5113K [0x0000000707c00000, 0x0000000800000000)
  region size 2048K, 1 young (2048K), 1 survivors (2048K)
 Metaspace       used 9542K, committed 9856K, reserved 1114112K
  class space    used 1062K, committed 1216K, reserved 1048576K
}
Event: 2,109 GC heap before
{Heap before GC invocations=1 (full 0):
 garbage-first heap   total reserved 4067328K, committed 258048K, used 15353K [0x0000000707c00000, 0x0000000800000000)
  region size 2048K, 6 young (12288K), 1 survivors (2048K)
 Metaspace       used 14740K, committed 15104K, reserved 1114112K
  class space    used 1630K, committed 1792K, reserved 1048576K
}
Event: 2,116 GC heap after
{Heap after GC invocations=2 (full 0):
 garbage-first heap   total reserved 4067328K, committed 258048K, used 7021K [0x0000000707c00000, 0x0000000800000000)
  region size 2048K, 1 young (2048K), 1 survivors (2048K)
 Metaspace       used 14740K, committed 15104K, reserved 1114112K
  class space    used 1630K, committed 1792K, reserved 1048576K
}
Event: 3,286 GC heap before
{Heap before GC invocations=2 (full 0):
 garbage-first heap   total reserved 4067328K, committed 258048K, used 35693K [0x0000000707c00000, 0x0000000800000000)
  region size 2048K, 15 young (30720K), 1 survivors (2048K)
 Metaspace       used 15437K, committed 15808K, reserved 1114112K
  class space    used 1695K, committed 1856K, reserved 1048576K
}
Event: 3,290 GC heap after
{Heap after GC invocations=3 (full 0):
 garbage-first heap   total reserved 4067328K, committed 258048K, used 12851K [0x0000000707c00000, 0x0000000800000000)
  region size 2048K, 2 young (4096K), 2 survivors (4096K)
 Metaspace       used 15437K, committed 15808K, reserved 1114112K
  class space    used 1695K, committed 1856K, reserved 1048576K
}
Event: 4,511 GC heap before
{Heap before GC invocations=3 (full 0):
 garbage-first heap   total reserved 4067328K, committed 258048K, used 45619K [0x0000000707c00000, 0x0000000800000000)
  region size 2048K, 19 young (38912K), 2 survivors (4096K)
 Metaspace       used 15604K, committed 15936K, reserved 1114112K
  class space    used 1695K, committed 1856K, reserved 1048576K
}
Event: 4,519 GC heap after
{Heap after GC invocations=4 (full 0):
 garbage-first heap   total reserved 4067328K, committed 258048K, used 32173K [0x0000000707c00000, 0x0000000800000000)
  region size 2048K, 3 young (6144K), 3 survivors (6144K)
 Metaspace       used 15604K, committed 15936K, reserved 1114112K
  class space    used 1695K, committed 1856K, reserved 1048576K
}

